<?xml version="1.0" encoding="UTF-8"?>
<testsuite name="metrodesign.service.FareServiceTest" tests="1" skipped="0" failures="0" errors="0" timestamp="2019-10-01T12:46:56" hostname="ankurbrdwj" time="16.077">
  <properties/>
  <testcase name="testFootFall()" classname="metrodesign.service.FareServiceTest" time="16.077"/>
  <system-out><![CDATA[#########  Travel card Swiped In  ######
Card Balance = Rs. 1000, Start Station = A2, DayOfYear = 2019-10-01T18:16:56.611
#########  Travel card Swiped Out ######
Card Balance = Rs. 972, End Station = A6, DayOfYear = 2019-10-01T18:17:02.626
#########  Travel card Swiped In  ######
Card Balance = Rs. 500, Start Station = A2, DayOfYear = 2019-10-01T18:17:04.634
#########  Travel card Swiped Out ######
Card Balance = Rs. 472, End Station = A6, DayOfYear = 2019-10-01T18:17:10.645
]]></system-out>
  <system-err><![CDATA[]]></system-err>
</testsuite>
