<?xml version="1.0" encoding="UTF-8"?>
<testsuite name="gangoffour.classic.behavioral.chainofresponsibility.ChainOfResponsibilityTest" tests="1" skipped="0" failures="0" errors="0" timestamp="2019-11-12T10:53:03" hostname="ankurbrdwj" time="0.028">
  <properties/>
  <testcase name="givenSamlProvider_whenCheckingAuthorized_thenSuccess()" classname="gangoffour.classic.behavioral.chainofresponsibility.ChainOfResponsibilityTest" time="0.028"/>
  <system-out><![CDATA[]]></system-out>
  <system-err><![CDATA[]]></system-err>
</testsuite>
